[18-Sep-2020 07:34:17] NOTICE: fpm is running, pid 16
[18-Sep-2020 07:34:17] NOTICE: ready to handle connections
[18-Sep-2020 07:34:17] NOTICE: systemd monitor interval set to 10000ms
[18-Sep-2020 07:36:20] NOTICE: fpm is running, pid 16
[18-Sep-2020 07:36:20] NOTICE: ready to handle connections
[18-Sep-2020 07:36:20] NOTICE: systemd monitor interval set to 10000ms
[21-Sep-2020 01:57:25] NOTICE: fpm is running, pid 16
[21-Sep-2020 01:57:25] NOTICE: ready to handle connections
[21-Sep-2020 01:57:25] NOTICE: systemd monitor interval set to 10000ms
[21-Sep-2020 01:59:42] NOTICE: fpm is running, pid 16
[21-Sep-2020 01:59:42] NOTICE: ready to handle connections
[21-Sep-2020 01:59:42] NOTICE: systemd monitor interval set to 10000ms
[30-Sep-2020 02:01:23] NOTICE: fpm is running, pid 16
[30-Sep-2020 02:01:23] NOTICE: ready to handle connections
[30-Sep-2020 02:01:23] NOTICE: systemd monitor interval set to 10000ms
[07-Oct-2020 04:27:57] NOTICE: fpm is running, pid 17
[07-Oct-2020 04:27:57] NOTICE: ready to handle connections
[07-Oct-2020 04:27:57] NOTICE: systemd monitor interval set to 10000ms
[07-Oct-2020 04:31:54] NOTICE: fpm is running, pid 16
[07-Oct-2020 04:31:54] NOTICE: ready to handle connections
[07-Oct-2020 04:31:54] NOTICE: systemd monitor interval set to 10000ms
[07-Oct-2020 04:32:40] NOTICE: fpm is running, pid 16
[07-Oct-2020 04:32:40] NOTICE: ready to handle connections
[07-Oct-2020 04:32:40] NOTICE: systemd monitor interval set to 10000ms
[07-Oct-2020 04:35:21] NOTICE: fpm is running, pid 16
[07-Oct-2020 04:35:21] NOTICE: ready to handle connections
[07-Oct-2020 04:35:21] NOTICE: systemd monitor interval set to 10000ms
[08-Oct-2020 04:00:11] NOTICE: fpm is running, pid 16
[08-Oct-2020 04:00:11] NOTICE: ready to handle connections
[08-Oct-2020 04:00:11] NOTICE: systemd monitor interval set to 10000ms
[12-Oct-2020 09:26:01] NOTICE: fpm is running, pid 17
[12-Oct-2020 09:26:01] NOTICE: ready to handle connections
[12-Oct-2020 09:26:01] NOTICE: systemd monitor interval set to 10000ms
